<?xml version="1.0" encoding="UTF-8"?>
<!-- Generated by org.testng.reporters.JUnitXMLReporter -->
<testsuite hostname="ANKIT-PC" name="chromeTest" tests="4" failures="0" timestamp="30 Apr 2015 05:38:04 GMT" time="171.026" errors="0">
  <testcase name="@BeforeMethod Login" time="0.0" classname="com.crm.MarketingandsalesTest.ContactTest">
    <failure type="java.lang.NullPointerException">
      <![CDATA[java.lang.NullPointerException
	at com.crm.MarketingandsalesTest.ContactTest.Login(ContactTest.java:67)
	at java.util.concurrent.FutureTask.run(Unknown Source)
	at java.util.concurrent.ThreadPoolExecutor.runWorker(Unknown Source)
	at java.util.concurrent.ThreadPoolExecutor$Worker.run(Unknown Source)
	at java.lang.Thread.run(Unknown Source)
... Removed 18 stack frames]]>
    </failure>
  </testcase> <!-- @BeforeMethod Login -->
  <testcase name="@AfterMethod logout" time="0.0" classname="com.crm.MarketingandsalesTest.ContactTest">
    <skipped/>
  </testcase> <!-- @AfterMethod logout -->
  <testcase name="@BeforeMethod Login" time="0.0" classname="com.crm.MarketingandsalesTest.ContactTest">
    <skipped/>
  </testcase> <!-- @BeforeMethod Login -->
  <testcase name="@AfterMethod logout" time="0.0" classname="com.crm.MarketingandsalesTest.ContactTest">
    <skipped/>
  </testcase> <!-- @AfterMethod logout -->
  <testcase name="@BeforeMethod Login" time="0.0" classname="com.crm.MarketingandsalesTest.ContactTest">
    <skipped/>
  </testcase> <!-- @BeforeMethod Login -->
  <testcase name="@AfterMethod logout" time="0.0" classname="com.crm.MarketingandsalesTest.ContactTest">
    <skipped/>
  </testcase> <!-- @AfterMethod logout -->
  <testcase name="@BeforeMethod Login" time="0.0" classname="com.crm.MarketingandsalesTest.ContactTest">
    <skipped/>
  </testcase> <!-- @BeforeMethod Login -->
  <testcase name="@AfterMethod logout" time="0.0" classname="com.crm.MarketingandsalesTest.ContactTest">
    <skipped/>
  </testcase> <!-- @AfterMethod logout -->
  <testcase name="@AfterClass ConfigAftrClass" time="0.0" classname="com.crm.MarketingandsalesTest.ContactTest">
    <skipped/>
  </testcase> <!-- @AfterClass ConfigAftrClass -->
  <testcase name="CreateContactTest" time="0.001" classname="com.crm.MarketingandsalesTest.ContactTest">
    <skipped/>
  </testcase> <!-- CreateContactTest -->
  <testcase name="ModifyContactTest" time="0.001" classname="com.crm.MarketingandsalesTest.ContactTest">
    <skipped/>
  </testcase> <!-- ModifyContactTest -->
  <testcase name="DeleteContact" time="0.001" classname="com.crm.MarketingandsalesTest.ContactTest">
    <skipped/>
  </testcase> <!-- DeleteContact -->
  <testcase name="DuplicateContact" time="0.001" classname="com.crm.MarketingandsalesTest.ContactTest">
    <skipped/>
  </testcase> <!-- DuplicateContact -->
</testsuite> <!-- chromeTest -->
